\BOOKMARK [1][-]{section.1}{\376\377\213\272\145\207\151\202\211\310}{}% 1
\BOOKMARK [2][-]{subsection.1.1}{\376\377\213\272\145\207\127\372\147\054\117\341\140\157}{section.1}% 2
\BOOKMARK [2][-]{subsection.1.2}{\376\377\211\343\121\263\166\204\225\356\230\230}{section.1}% 3
\BOOKMARK [2][-]{subsection.1.3}{\376\377\116\073\211\201\176\323\147\234\151\202\217\360}{section.1}% 4
\BOOKMARK [2][-]{subsection.1.4}{\376\377\147\054\000\040\000R\000e\000v\000i\000e\000w\000\040\166\204\176\304\176\307\176\323\147\204}{section.1}% 5
\BOOKMARK [1][-]{section.2}{\376\377\225\356\230\230\200\314\146\157\116\016\122\250\147\072}{}% 6
\BOOKMARK [2][-]{subsection.2.1}{\376\377\145\160\143\156\155\101\152\041\127\213}{section.2}% 7
\BOOKMARK [2][-]{subsection.2.2}{\376\377\000D\000i\000s\000t\000i\000n\000c\000t\000\040\000E\000l\000e\000m\000e\000n\000t\000s\000\040\225\356\230\230\377\010\000F\0000\000\040\117\060\213\241\377\011}{section.2}% 8
\BOOKMARK [2][-]{subsection.2.3}{\376\377\136\224\165\050\122\250\147\072}{section.2}% 9
\BOOKMARK [2][-]{subsection.2.4}{\376\377\116\072\116\300\116\110\170\024\172\166\172\172\225\364\116\013\165\114}{section.2}% 10
\BOOKMARK [1][-]{section.3}{\376\377\166\370\121\163\135\345\117\134}{}% 11
\BOOKMARK [2][-]{subsection.3.1}{\376\377\116\012\165\114\377\032\000F\0000\000\040\117\060\213\241\173\227\154\325\166\204\123\321\134\125}{section.3}% 12
\BOOKMARK [2][-]{subsection.3.2}{\376\377\147\054\145\207\116\113\122\115\166\204\172\172\225\364\116\013\165\114}{section.3}% 13
\BOOKMARK [2][-]{subsection.3.3}{\376\377\166\370\121\163\166\204\220\032\117\341\131\015\147\102\140\047\135\345\117\134}{section.3}% 14
\BOOKMARK [2][-]{subsection.3.4}{\376\377\147\054\145\207\123\321\210\150\116\113\124\016\166\204\145\260\217\333\134\125}{section.3}% 15
\BOOKMARK [1][-]{section.4}{\376\377\213\272\145\207\166\204\142\200\147\057\215\041\163\056}{}% 16
\BOOKMARK [2][-]{subsection.4.1}{\376\377\116\073\211\201\133\232\164\006}{section.4}% 17
\BOOKMARK [2][-]{subsection.4.2}{\376\377\213\301\146\016\215\357\176\277\126\376}{section.4}% 18
\BOOKMARK [2][-]{subsection.4.3}{\376\377\142\200\147\057\166\364\211\311}{section.4}% 19
\BOOKMARK [2][-]{subsection.4.4}{\376\377\116\016\121\110\122\115\116\013\165\114\142\200\147\057\166\204\133\371\153\324}{section.4}% 20
\BOOKMARK [1][-]{section.5}{\376\377\142\200\147\057\176\306\202\202\116\016\213\301\146\016}{}% 21
\BOOKMARK [2][-]{subsection.5.1}{\376\377\230\204\131\007\167\345\213\306\377\032\123\125\124\021\220\032\117\341\131\015\147\102\140\047\116\016\000\040\000Y\000a\000o\000\040\147\201\134\017\147\201\131\047\123\237\122\031}{section.5}% 22
\BOOKMARK [2][-]{subsection.5.2}{\376\377\000V\000C\000\040\176\364\116\016\000\040\000S\000h\000a\000t\000t\000e\000r\000\040\000C\000o\000e\000f\000f\000i\000c\000i\000e\000n\000t\000s}{section.5}% 23
\BOOKMARK [2][-]{subsection.5.3}{\376\377\000l\0002\000\050\000t\000\051\000\040\225\356\230\230\166\204\123\125\124\021\220\032\117\341\131\015\147\102\136\246\116\013\165\114}{section.5}% 24
\BOOKMARK [2][-]{subsection.5.4}{\376\377\000l\0002\000\040\000l\0001\000\040\117\116\165\170\123\330\135\114\121\145}{section.5}% 25
\BOOKMARK [2][-]{subsection.5.5}{\376\377\116\316\000\040\000l\0002\000\050\000t\000\051\000\040\122\060\000\040\000F\0000\000\040\166\204\176\246\123\026}{section.5}% 26
\BOOKMARK [2][-]{subsection.5.6}{\376\377\116\073\133\232\164\006\166\204\145\164\124\010\116\016\123\302\145\160\203\003\126\364}{section.5}% 27
\BOOKMARK [1][-]{section.6}{\376\377\153\143\170\156\140\047\116\016\117\030\215\212\140\047\122\006\147\220}{}% 28
\BOOKMARK [2][-]{subsection.6.1}{\376\377\213\301\146\016\153\143\170\156\140\047\166\204\150\300\232\214}{section.6}% 29
\BOOKMARK [2][-]{subsection.6.2}{\376\377\175\047\140\047\122\006\147\220\377\032\116\013\165\114\116\016\116\012\165\114\166\204\123\071\221\115\172\013\136\246}{section.6}% 30
\BOOKMARK [2][-]{subsection.6.3}{\376\377\220\127\165\131\225\356\230\230\123\312\121\166\124\016\176\355\211\343\121\263}{section.6}% 31
\BOOKMARK [1][-]{section.7}{\376\377\213\304\116\367\116\016\213\250\213\272}{}% 32
\BOOKMARK [2][-]{subsection.7.1}{\376\377\213\272\145\207\166\204\227\136\121\341\116\113\131\004}{section.7}% 33
\BOOKMARK [2][-]{subsection.7.2}{\376\377\134\100\226\120\116\016\142\171\213\304}{section.7}% 34
\BOOKMARK [2][-]{subsection.7.3}{\376\377\133\371\124\016\176\355\170\024\172\166\166\204\137\161\124\315}{section.7}% 35
\BOOKMARK [2][-]{subsection.7.4}{\376\377\147\054\176\304\166\204\164\006\211\343\217\307\172\013\116\016\137\303\137\227\377\010\123\357\220\011\377\011}{section.7}% 36
\BOOKMARK [1][-]{section.8}{\376\377\140\073\176\323}{}% 37
\BOOKMARK [1][-]{appendix.A}{\376\377\213\260\123\367\210\150}{}% 38
\BOOKMARK [1][-]{appendix.B}{\376\377\000A\000I\000\040\117\177\165\050\213\260\137\125}{}% 39
